<?xml version="1.0" encoding="UTF-8"?>
<!-- Generated by org.testng.reporters.JUnitReportReporter -->
<testsuite skipped="0" hostname="del1-lhp-n65226" name="POC_testrunner.poc_testrunnerclass" tests="13" failures="0" timestamp="11 Aug 2019 16:58:07 GMT" time="2.191" errors="0">
  <testcase name="verifytable1" time="0.133" classname="POC_testrunner.poc_testrunnerclass"/>
  <testcase name="verifytable2" time="0.096" classname="POC_testrunner.poc_testrunnerclass"/>
  <testcase name="changepage" time="0.804" classname="POC_testrunner.poc_testrunnerclass"/>
  <testcase name="verify_prod_name" time="0.040" classname="POC_testrunner.poc_testrunnerclass"/>
  <testcase name="verify_prod_name" time="0.040" classname="POC_testrunner.poc_testrunnerclass"/>
  <testcase name="verify_prod_name" time="0.040" classname="POC_testrunner.poc_testrunnerclass"/>
  <testcase name="verify_prod_name" time="0.052" classname="POC_testrunner.poc_testrunnerclass"/>
  <testcase name="verify_prod_name" time="0.040" classname="POC_testrunner.poc_testrunnerclass"/>
  <testcase name="verify_prod_price" time="0.156" classname="POC_testrunner.poc_testrunnerclass"/>
  <testcase name="verify_prod_price" time="0.284" classname="POC_testrunner.poc_testrunnerclass"/>
  <testcase name="verify_prod_price" time="0.173" classname="POC_testrunner.poc_testrunnerclass"/>
  <testcase name="verify_prod_price" time="0.161" classname="POC_testrunner.poc_testrunnerclass"/>
  <testcase name="verify_prod_price" time="0.172" classname="POC_testrunner.poc_testrunnerclass"/>
</testsuite> <!-- POC_testrunner.poc_testrunnerclass -->
